


materialPath: C:\Program Files (x86)\Steam\steamapps\sourcemods\Test-Lab\materials
Loading C:\Program Files (x86)\Steam\steamapps\sourcemods\Test-Lab\maps\tl_laboratory_1.vmf
material "/example_model_material" not found.
Material not found!: /EXAMPLE_MODEL_MATERIAL
ConVarRef mat_reduceparticles doesn't point to an existing ConVar
Could not locate 'GameData' key in c:\program files (x86)\steam\steamapps\sourcemods\test-lab\gameinfo.txt
Patching WVT material: maps/tl_laboratory_1/dev/dev_blendmeasure_wvt_patch
fixing up env_cubemap materials on brush sides...
0...1...2...3...4...5...6...7...8...9...100...1...2...3...4...5...6...7...8...9...10Processing areas...done (0)
Building Faces...done (0)
Chop Details...done (0)
Find Visible Detail Sides...done (0)
Merging details...done (0)
FixTjuncs...
PruneNodes...
WriteBSP...
done (0)
writing C:\Program Files (x86)\Steam\steamapps\sourcemods\Test-Lab\maps\tl_laboratory_1.prt...Building visibility clusters...
done (0)
Creating default LDR cubemaps for env_cubemap using skybox materials:
   skybox/sky_day01_01*.vmt
 ! Run buildcubemaps in the engine to get the correct cube maps.
Creating default HDR cubemaps for env_cubemap using skybox materials:
   skybox/sky_day01_01*.vmt
 ! Run buildcubemaps in the engine to get the correct cube maps.
Finding displacement neighbors...
Finding lightmap sample positions...
Displacement Alpha : 0...1...2...3...4...5...6...7...8...9...10
Building Physics collision data...
done (0) (58419 bytes)
Placing detail props : 0...1...2...3...4...5...6...7...8...9...10
Water found with no water_lod_control entity, creating a default one.
Compacting texture/material tables...
Reduced 267 texinfos to 111
Reduced 27 texdatas to 22 (776 bytes to 619)
Writing C:\Program Files (x86)\Steam\steamapps\sourcemods\Test-Lab\maps\tl_laboratory_1.bsp
0 seconds elapsed



12 threads
reading c:\program files (x86)\steam\steamapps\sourcemods\test-lab\maps\tl_laboratory_1.bsp
reading c:\program files (x86)\steam\steamapps\sourcemods\test-lab\maps\tl_laboratory_1.prt
 180 portalclusters
 532 numportals
0...1...2...3...4...5...6...7...8...9...100...1...2...3...4...5...6...7...8...9...10Optimized: 18 visible clusters (0.11%)
Total clusters visible: 16456
Average clusters visible: 91
Building PAS...
Average clusters audible: 163
visdatasize:9715  compressed from 8640
writing c:\program files (x86)\steam\steamapps\sourcemods\test-lab\maps\tl_laboratory_1.bsp
0 seconds elapsed



[Reading texlights from 'lights.rad']
[48 texlights parsed from 'lights.rad']

Loading c:\program files (x86)\steam\steamapps\sourcemods\test-lab\maps\tl_laboratory_1.bsp
700 faces
79951 square feet [11512948.00 square inches]
0 Displacements
0 Square Feet [0.00 Square Inches]
700 patches before subdivision
10486 patches after subdivision
15 direct lights
0...1...2...3...4...5...6...7...8...9...100...1...2...3...4...5...6...7...8...9...10transfers 1211355, max 385
transfer lists:   9.2 megs
0...1...2...3...4...5...6...7...8...9...10	Bounce #1 added RGB(66831, 22488, 5572)
0...1...2...3...4...5...6...7...8...9...10	Bounce #2 added RGB(29606, 3703, 372)
0...1...2...3...4...5...6...7...8...9...10	Bounce #3 added RGB(14826, 623, 24)
0...1...2...3...4...5...6...7...8...9...10	Bounce #4 added RGB(7842, 107, 2)
0...1...2...3...4...5...6...7...8...9...10	Bounce #5 added RGB(4396, 19, 0)
0...1...2...3...4...5...6...7...8...9...10	Bounce #6 added RGB(2563, 3, 0)
0...1...2...3...4...5...6...7...8...9...10	Bounce #7 added RGB(1544, 1, 0)
0...1...2...3...4...5...6...7...8...9...10	Bounce #8 added RGB(951, 0, 0)
0...1...2...3...4...5...6...7...8...9...10	Bounce #9 added RGB(595, 0, 0)
0...1...2...3...4...5...6...7...8...9...10	Bounce #10 added RGB(377, 0, 0)
0...1...2...3...4...5...6...7...8...9...10	Bounce #11 added RGB(241, 0, 0)
0...1...2...3...4...5...6...7...8...9...10	Bounce #12 added RGB(155, 0, 0)
0...1...2...3...4...5...6...7...8...9...10	Bounce #13 added RGB(100, 0, 0)
0...1...2...3...4...5...6...7...8...9...10	Bounce #14 added RGB(64, 0, 0)
0...1...2...3...4...5...6...7...8...9...10	Bounce #15 added RGB(42, 0, 0)
0...1...2...3...4...5...6...7...8...9...10	Bounce #16 added RGB(27, 0, 0)
0...1...2...3...4...5...6...7...8...9...10	Bounce #17 added RGB(18, 0, 0)
0...1...2...3...4...5...6...7...8...9...10	Bounce #18 added RGB(11, 0, 0)
0...1...2...3...4...5...6...7...8...9...10	Bounce #19 added RGB(7, 0, 0)
0...1...2...3...4...5...6...7...8...9...10	Bounce #20 added RGB(5, 0, 0)
0...1...2...3...4...5...6...7...8...9...10	Bounce #21 added RGB(3, 0, 0)
0...1...2...3...4...5...6...7...8...9...10	Bounce #22 added RGB(2, 0, 0)
0...1...2...3...4...5...6...7...8...9...10	Bounce #23 added RGB(1, 0, 0)
0...1...2...3...4...5...6...7...8...9...10	Bounce #24 added RGB(1, 0, 0)
Build Patch/Sample Hash Table(s).....Done<0.0013 sec>
0...1...2...3...4...5...6...7...8...9...10FinalLightFace Done
0 of 0 (0% of) surface lights went in leaf ambient cubes.
0...1...2...3...4...5...6...7...8...9...10Writing leaf ambient...done
Ready to Finish

Object names       Objects/Maxobjs  Memory / Maxmem  Fullness 
------------       ---------------  ---------------  -------- 
models                  29/1024         1392/49152    ( 2.8%) 
brushes                154/8192         1848/98304    ( 1.9%) 
brushsides            1042/65536        8336/524288   ( 1.6%) 
planes                 706/65536       14120/1310720  ( 1.1%) 
vertexes              1071/65536       12852/786432   ( 1.6%) 
nodes                  535/65536       17120/2097152  ( 0.8%) 
texinfos               111/12288        7992/884736   ( 0.9%) 
texdata                 22/2048          704/65536    ( 1.1%) 
dispinfos                0/0               0/0        ( 0.0%) 
disp_verts               0/0               0/0        ( 0.0%) 
disp_tris                0/0               0/0        ( 0.0%) 
disp_lmsamples           0/0               0/0        ( 0.0%) 
faces                  700/65536       39200/3670016  ( 1.1%) 
hdr faces                0/65536           0/3670016  ( 0.0%) 
origfaces              390/65536       21840/3670016  ( 0.6%) 
leaves                 565/65536       18080/2097152  ( 0.9%) 
leaffaces              855/65536        1710/131072   ( 1.3%) 
leafbrushes            486/65536         972/131072   ( 0.7%) 
areas                    2/256            16/2048     ( 0.8%) 
surfedges             4744/512000      18976/2048000  ( 0.9%) 
edges                 2654/256000      10616/1024000  ( 1.0%) 
LDR worldlights         15/8192         1320/720896   ( 0.2%) 
HDR worldlights          0/8192            0/720896   ( 0.0%) 
leafwaterdata            1/32768          12/393216   ( 0.0%) 
waterstrips             31/32768         310/327680   ( 0.1%) 
waterverts               0/65536           0/786432   ( 0.0%) 
waterindices           525/65536        1050/131072   ( 0.8%) 
cubemapsamples           1/1024           16/16384    ( 0.1%) 
overlays                 0/512             0/180224   ( 0.0%) 
LDR lightdata         [variable]      253064/0        ( 0.0%) 
HDR lightdata         [variable]           0/0        ( 0.0%) 
visdata               [variable]        9715/16777216 ( 0.1%) 
entdata               [variable]       71469/393216   (18.2%) 
LDR ambient table      565/65536        2260/262144   ( 0.9%) 
HDR ambient table      565/65536        2260/262144   ( 0.9%) 
LDR leaf ambient      1293/65536       36204/1835008  ( 2.0%) 
HDR leaf ambient       565/65536       15820/1835008  ( 0.9%) 
occluders                0/0               0/0        ( 0.0%) 
occluder polygons        0/0               0/0        ( 0.0%) 
occluder vert ind        0/0               0/0        ( 0.0%) 
detail props          [variable]           1/12       ( 8.3%) 
static props          [variable]           1/594      ( 0.2%) 
pakfile               [variable]      213092/0        ( 0.0%) 
physics               [variable]       58419/4194304  ( 1.4%) 
physics terrain       [variable]           2/1048576  ( 0.0%) 

Level flags = 0

Total triangle count: 1788
Writing c:\program files (x86)\steam\steamapps\sourcemods\test-lab\maps\tl_laboratory_1.bsp
0 seconds elapsed



materialPath: C:\Program Files (x86)\Steam\steamapps\sourcemods\Test-Lab\materials
Loading C:\Program Files (x86)\Steam\steamapps\sourcemods\Test-Lab\maps\tl_laboratory_1.vmf
material "/example_model_material" not found.
Material not found!: /EXAMPLE_MODEL_MATERIAL
ConVarRef mat_reduceparticles doesn't point to an existing ConVar
Could not locate 'GameData' key in c:\program files (x86)\steam\steamapps\sourcemods\test-lab\gameinfo.txt
Patching WVT material: maps/tl_laboratory_1/dev/dev_blendmeasure_wvt_patch
fixing up env_cubemap materials on brush sides...
0...1...2...3...4...5...6...7...8...9...100...1...2...3...4...5...6...7...8...9...10Processing areas...done (0)
Building Faces...done (0)
Chop Details...done (0)
Find Visible Detail Sides...done (0)
Merging details...done (0)
FixTjuncs...
PruneNodes...
WriteBSP...
done (0)
writing C:\Program Files (x86)\Steam\steamapps\sourcemods\Test-Lab\maps\tl_laboratory_1.prt...Building visibility clusters...
done (0)
Creating default LDR cubemaps for env_cubemap using skybox materials:
   skybox/sky_day01_01*.vmt
 ! Run buildcubemaps in the engine to get the correct cube maps.
Creating default HDR cubemaps for env_cubemap using skybox materials:
   skybox/sky_day01_01*.vmt
 ! Run buildcubemaps in the engine to get the correct cube maps.
Finding displacement neighbors...
Finding lightmap sample positions...
Displacement Alpha : 0...1...2...3...4...5...6...7...8...9...10
Building Physics collision data...
done (0) (58419 bytes)
Placing detail props : 0...1...2...3...4...5...6...7...8...9...10
Water found with no water_lod_control entity, creating a default one.
Compacting texture/material tables...
Reduced 267 texinfos to 111
Reduced 27 texdatas to 22 (776 bytes to 619)
Writing C:\Program Files (x86)\Steam\steamapps\sourcemods\Test-Lab\maps\tl_laboratory_1.bsp
0 seconds elapsed



12 threads
reading c:\program files (x86)\steam\steamapps\sourcemods\test-lab\maps\tl_laboratory_1.bsp
reading c:\program files (x86)\steam\steamapps\sourcemods\test-lab\maps\tl_laboratory_1.prt
 180 portalclusters
 532 numportals
0...1...2...3...4...5...6...7...8...9...100...1...2...3...4...5...6...7...8...9...10Optimized: 18 visible clusters (0.11%)
Total clusters visible: 16456
Average clusters visible: 91
Building PAS...
Average clusters audible: 163
visdatasize:9715  compressed from 8640
writing c:\program files (x86)\steam\steamapps\sourcemods\test-lab\maps\tl_laboratory_1.bsp
0 seconds elapsed



[Reading texlights from 'lights.rad']
[48 texlights parsed from 'lights.rad']

Loading c:\program files (x86)\steam\steamapps\sourcemods\test-lab\maps\tl_laboratory_1.bsp
700 faces
79951 square feet [11512948.00 square inches]
0 Displacements
0 Square Feet [0.00 Square Inches]
700 patches before subdivision
10486 patches after subdivision
15 direct lights
0...1...2...3...4...5...6...7...8...9...100...1...2...3...4...5...6...7...8...9...10transfers 1211355, max 385
transfer lists:   9.2 megs
0...1...2...3...4...5...6...7...8...9...10	Bounce #1 added RGB(66831, 22488, 5572)
0...1...2...3...4...5...6...7...8...9...10	Bounce #2 added RGB(29606, 3703, 372)
0...1...2...3...4...5...6...7...8...9...10	Bounce #3 added RGB(14826, 623, 24)
0...1...2...3...4...5...6...7...8...9...10	Bounce #4 added RGB(7842, 107, 2)
0...1...2...3...4...5...6...7...8...9...10	Bounce #5 added RGB(4396, 19, 0)
0...1...2...3...4...5...6...7...8...9...10	Bounce #6 added RGB(2563, 3, 0)
0...1...2...3...4...5...6...7...8...9...10	Bounce #7 added RGB(1544, 1, 0)
0...1...2...3...4...5...6...7...8...9...10	Bounce #8 added RGB(951, 0, 0)
0...1...2...3...4...5...6...7...8...9...10	Bounce #9 added RGB(595, 0, 0)
0...1...2...3...4...5...6...7...8...9...10	Bounce #10 added RGB(377, 0, 0)
0...1...2...3...4...5...6...7...8...9...10	Bounce #11 added RGB(241, 0, 0)
0...1...2...3...4...5...6...7...8...9...10	Bounce #12 added RGB(155, 0, 0)
0...1...2...3...4...5...6...7...8...9...10	Bounce #13 added RGB(100, 0, 0)
0...1...2...3...4...5...6...7...8...9...10	Bounce #14 added RGB(64, 0, 0)
0...1...2...3...4...5...6...7...8...9...10	Bounce #15 added RGB(42, 0, 0)
0...1...2...3...4...5...6...7...8...9...10	Bounce #16 added RGB(27, 0, 0)
0...1...2...3...4...5...6...7...8...9...10	Bounce #17 added RGB(18, 0, 0)
0...1...2...3...4...5...6...7...8...9...10	Bounce #18 added RGB(11, 0, 0)
0...1...2...3...4...5...6...7...8...9...10	Bounce #19 added RGB(7, 0, 0)
0...1...2...3...4...5...6...7...8...9...10	Bounce #20 added RGB(5, 0, 0)
0...1...2...3...4...5...6...7...8...9...10	Bounce #21 added RGB(3, 0, 0)
0...1...2...3...4...5...6...7...8...9...10	Bounce #22 added RGB(2, 0, 0)
0...1...2...3...4...5...6...7...8...9...10	Bounce #23 added RGB(1, 0, 0)
0...1...2...3...4...5...6...7...8...9...10	Bounce #24 added RGB(1, 0, 0)
Build Patch/Sample Hash Table(s).....Done<0.0013 sec>
0...1...2...3...4...5...6...7...8...9...10FinalLightFace Done
0 of 0 (0% of) surface lights went in leaf ambient cubes.
0...1...2...3...4...5...6...7...8...9...10Writing leaf ambient...done
Ready to Finish

Object names       Objects/Maxobjs  Memory / Maxmem  Fullness 
------------       ---------------  ---------------  -------- 
models                  29/1024         1392/49152    ( 2.8%) 
brushes                154/8192         1848/98304    ( 1.9%) 
brushsides            1042/65536        8336/524288   ( 1.6%) 
planes                 706/65536       14120/1310720  ( 1.1%) 
vertexes              1071/65536       12852/786432   ( 1.6%) 
nodes                  535/65536       17120/2097152  ( 0.8%) 
texinfos               111/12288        7992/884736   ( 0.9%) 
texdata                 22/2048          704/65536    ( 1.1%) 
dispinfos                0/0               0/0        ( 0.0%) 
disp_verts               0/0               0/0        ( 0.0%) 
disp_tris                0/0               0/0        ( 0.0%) 
disp_lmsamples           0/0               0/0        ( 0.0%) 
faces                  700/65536       39200/3670016  ( 1.1%) 
hdr faces                0/65536           0/3670016  ( 0.0%) 
origfaces              390/65536       21840/3670016  ( 0.6%) 
leaves                 565/65536       18080/2097152  ( 0.9%) 
leaffaces              855/65536        1710/131072   ( 1.3%) 
leafbrushes            486/65536         972/131072   ( 0.7%) 
areas                    2/256            16/2048     ( 0.8%) 
surfedges             4744/512000      18976/2048000  ( 0.9%) 
edges                 2654/256000      10616/1024000  ( 1.0%) 
LDR worldlights         15/8192         1320/720896   ( 0.2%) 
HDR worldlights          0/8192            0/720896   ( 0.0%) 
leafwaterdata            1/32768          12/393216   ( 0.0%) 
waterstrips             31/32768         310/327680   ( 0.1%) 
waterverts               0/65536           0/786432   ( 0.0%) 
waterindices           525/65536        1050/131072   ( 0.8%) 
cubemapsamples           1/1024           16/16384    ( 0.1%) 
overlays                 0/512             0/180224   ( 0.0%) 
LDR lightdata         [variable]      253064/0        ( 0.0%) 
HDR lightdata         [variable]           0/0        ( 0.0%) 
visdata               [variable]        9715/16777216 ( 0.1%) 
entdata               [variable]       71575/393216   (18.2%) 
LDR ambient table      565/65536        2260/262144   ( 0.9%) 
HDR ambient table      565/65536        2260/262144   ( 0.9%) 
LDR leaf ambient      1293/65536       36204/1835008  ( 2.0%) 
HDR leaf ambient       565/65536       15820/1835008  ( 0.9%) 
occluders                0/0               0/0        ( 0.0%) 
occluder polygons        0/0               0/0        ( 0.0%) 
occluder vert ind        0/0               0/0        ( 0.0%) 
detail props          [variable]           1/12       ( 8.3%) 
static props          [variable]           1/594      ( 0.2%) 
pakfile               [variable]      213092/0        ( 0.0%) 
physics               [variable]       58419/4194304  ( 1.4%) 
physics terrain       [variable]           2/1048576  ( 0.0%) 

Level flags = 0

Total triangle count: 1788
Writing c:\program files (x86)\steam\steamapps\sourcemods\test-lab\maps\tl_laboratory_1.bsp
0 seconds elapsed



materialPath: C:\Program Files (x86)\Steam\steamapps\sourcemods\Test-Lab\materials
Loading C:\Program Files (x86)\Steam\steamapps\sourcemods\Test-Lab\maps\tl_laboratory_1.vmf
material "/example_model_material" not found.
Material not found!: /EXAMPLE_MODEL_MATERIAL
ConVarRef mat_reduceparticles doesn't point to an existing ConVar
Could not locate 'GameData' key in c:\program files (x86)\steam\steamapps\sourcemods\test-lab\gameinfo.txt
Patching WVT material: maps/tl_laboratory_1/dev/dev_blendmeasure_wvt_patch
fixing up env_cubemap materials on brush sides...
0...1...2...3...4...5...6...7...8...9...100...1...2...3...4...5...6...7...8...9...10Processing areas...done (0)
Building Faces...done (0)
Chop Details...done (0)
Find Visible Detail Sides...done (0)
Merging details...done (0)
FixTjuncs...
PruneNodes...
WriteBSP...
done (0)
writing C:\Program Files (x86)\Steam\steamapps\sourcemods\Test-Lab\maps\tl_laboratory_1.prt...Building visibility clusters...
done (0)
Creating default LDR cubemaps for env_cubemap using skybox materials:
   skybox/sky_day01_01*.vmt
 ! Run buildcubemaps in the engine to get the correct cube maps.
Creating default HDR cubemaps for env_cubemap using skybox materials:
   skybox/sky_day01_01*.vmt
 ! Run buildcubemaps in the engine to get the correct cube maps.
Finding displacement neighbors...
Finding lightmap sample positions...
Displacement Alpha : 0...1...2...3...4...5...6...7...8...9...10
Building Physics collision data...
done (0) (58419 bytes)
Placing detail props : 0...1...2...3...4...5...6...7...8...9...10
Water found with no water_lod_control entity, creating a default one.
Compacting texture/material tables...
Reduced 267 texinfos to 111
Reduced 27 texdatas to 22 (776 bytes to 619)
Writing C:\Program Files (x86)\Steam\steamapps\sourcemods\Test-Lab\maps\tl_laboratory_1.bsp
0 seconds elapsed



12 threads
reading c:\program files (x86)\steam\steamapps\sourcemods\test-lab\maps\tl_laboratory_1.bsp
reading c:\program files (x86)\steam\steamapps\sourcemods\test-lab\maps\tl_laboratory_1.prt
 180 portalclusters
 532 numportals
0...1...2...3...4...5...6...7...8...9...100...1...2...3...4...5...6...7...8...9...10Optimized: 18 visible clusters (0.11%)
Total clusters visible: 16456
Average clusters visible: 91
Building PAS...
Average clusters audible: 163
visdatasize:9715  compressed from 8640
writing c:\program files (x86)\steam\steamapps\sourcemods\test-lab\maps\tl_laboratory_1.bsp
0 seconds elapsed



[Reading texlights from 'lights.rad']
[48 texlights parsed from 'lights.rad']

Loading c:\program files (x86)\steam\steamapps\sourcemods\test-lab\maps\tl_laboratory_1.bsp
700 faces
79951 square feet [11512948.00 square inches]
0 Displacements
0 Square Feet [0.00 Square Inches]
700 patches before subdivision
10486 patches after subdivision
15 direct lights
0...1...2...3...4...5...6...7...8...9...100...1...2...3...4...5...6...7...8...9...10transfers 1211355, max 385
transfer lists:   9.2 megs
0...1...2...3...4...5...6...7...8...9...10	Bounce #1 added RGB(66831, 22488, 5572)
0...1...2...3...4...5...6...7...8...9...10	Bounce #2 added RGB(29606, 3703, 372)
0...1...2...3...4...5...6...7...8...9...10	Bounce #3 added RGB(14826, 623, 24)
0...1...2...3...4...5...6...7...8...9...10	Bounce #4 added RGB(7842, 107, 2)
0...1...2...3...4...5...6...7...8...9...10	Bounce #5 added RGB(4396, 19, 0)
0...1...2...3...4...5...6...7...8...9...10	Bounce #6 added RGB(2563, 3, 0)
0...1...2...3...4...5...6...7...8...9...10	Bounce #7 added RGB(1544, 1, 0)
0...1...2...3...4...5...6...7...8...9...10	Bounce #8 added RGB(951, 0, 0)
0...1...2...3...4...5...6...7...8...9...10	Bounce #9 added RGB(595, 0, 0)
0...1...2...3...4...5...6...7...8...9...10	Bounce #10 added RGB(377, 0, 0)
0...1...2...3...4...5...6...7...8...9...10	Bounce #11 added RGB(241, 0, 0)
0...1...2...3...4...5...6...7...8...9...10	Bounce #12 added RGB(155, 0, 0)
0...1...2...3...4...5...6...7...8...9...10	Bounce #13 added RGB(100, 0, 0)
0...1...2...3...4...5...6...7...8...9...10	Bounce #14 added RGB(64, 0, 0)
0...1...2...3...4...5...6...7...8...9...10	Bounce #15 added RGB(42, 0, 0)
0...1...2...3...4...5...6...7...8...9...10	Bounce #16 added RGB(27, 0, 0)
0...1...2...3...4...5...6...7...8...9...10	Bounce #17 added RGB(18, 0, 0)
0...1...2...3...4...5...6...7...8...9...10	Bounce #18 added RGB(11, 0, 0)
0...1...2...3...4...5...6...7...8...9...10	Bounce #19 added RGB(7, 0, 0)
0...1...2...3...4...5...6...7...8...9...10	Bounce #20 added RGB(5, 0, 0)
0...1...2...3...4...5...6...7...8...9...10	Bounce #21 added RGB(3, 0, 0)
0...1...2...3...4...5...6...7...8...9...10	Bounce #22 added RGB(2, 0, 0)
0...1...2...3...4...5...6...7...8...9...10	Bounce #23 added RGB(1, 0, 0)
0...1...2...3...4...5...6...7...8...9...10	Bounce #24 added RGB(1, 0, 0)
Build Patch/Sample Hash Table(s).....Done<0.0013 sec>
0...1...2...3...4...5...6...7...8...9...10FinalLightFace Done
0 of 0 (0% of) surface lights went in leaf ambient cubes.
0...1...2...3...4...5...6...7...8...9...10Writing leaf ambient...done
Ready to Finish

Object names       Objects/Maxobjs  Memory / Maxmem  Fullness 
------------       ---------------  ---------------  -------- 
models                  29/1024         1392/49152    ( 2.8%) 
brushes                154/8192         1848/98304    ( 1.9%) 
brushsides            1042/65536        8336/524288   ( 1.6%) 
planes                 706/65536       14120/1310720  ( 1.1%) 
vertexes              1071/65536       12852/786432   ( 1.6%) 
nodes                  535/65536       17120/2097152  ( 0.8%) 
texinfos               111/12288        7992/884736   ( 0.9%) 
texdata                 22/2048          704/65536    ( 1.1%) 
dispinfos                0/0               0/0        ( 0.0%) 
disp_verts               0/0               0/0        ( 0.0%) 
disp_tris                0/0               0/0        ( 0.0%) 
disp_lmsamples           0/0               0/0        ( 0.0%) 
faces                  700/65536       39200/3670016  ( 1.1%) 
hdr faces                0/65536           0/3670016  ( 0.0%) 
origfaces              390/65536       21840/3670016  ( 0.6%) 
leaves                 565/65536       18080/2097152  ( 0.9%) 
leaffaces              855/65536        1710/131072   ( 1.3%) 
leafbrushes            486/65536         972/131072   ( 0.7%) 
areas                    2/256            16/2048     ( 0.8%) 
surfedges             4744/512000      18976/2048000  ( 0.9%) 
edges                 2654/256000      10616/1024000  ( 1.0%) 
LDR worldlights         15/8192         1320/720896   ( 0.2%) 
HDR worldlights          0/8192            0/720896   ( 0.0%) 
leafwaterdata            1/32768          12/393216   ( 0.0%) 
waterstrips             31/32768         310/327680   ( 0.1%) 
waterverts               0/65536           0/786432   ( 0.0%) 
waterindices           525/65536        1050/131072   ( 0.8%) 
cubemapsamples           1/1024           16/16384    ( 0.1%) 
overlays                 0/512             0/180224   ( 0.0%) 
LDR lightdata         [variable]      253064/0        ( 0.0%) 
HDR lightdata         [variable]           0/0        ( 0.0%) 
visdata               [variable]        9715/16777216 ( 0.1%) 
entdata               [variable]       71575/393216   (18.2%) 
LDR ambient table      565/65536        2260/262144   ( 0.9%) 
HDR ambient table      565/65536        2260/262144   ( 0.9%) 
LDR leaf ambient      1293/65536       36204/1835008  ( 2.0%) 
HDR leaf ambient       565/65536       15820/1835008  ( 0.9%) 
occluders                0/0               0/0        ( 0.0%) 
occluder polygons        0/0               0/0        ( 0.0%) 
occluder vert ind        0/0               0/0        ( 0.0%) 
detail props          [variable]           1/12       ( 8.3%) 
static props          [variable]           1/594      ( 0.2%) 
pakfile               [variable]      213092/0        ( 0.0%) 
physics               [variable]       58419/4194304  ( 1.4%) 
physics terrain       [variable]           2/1048576  ( 0.0%) 

Level flags = 0

Total triangle count: 1788
Writing c:\program files (x86)\steam\steamapps\sourcemods\test-lab\maps\tl_laboratory_1.bsp
0 seconds elapsed



materialPath: C:\Program Files (x86)\Steam\steamapps\sourcemods\Test-Lab\materials
Loading C:\Program Files (x86)\Steam\steamapps\sourcemods\Test-Lab\maps\tl_laboratory_1.vmf
material "/example_model_material" not found.
Material not found!: /EXAMPLE_MODEL_MATERIAL
ConVarRef mat_reduceparticles doesn't point to an existing ConVar
Could not locate 'GameData' key in c:\program files (x86)\steam\steamapps\sourcemods\test-lab\gameinfo.txt
Patching WVT material: maps/tl_laboratory_1/dev/dev_blendmeasure_wvt_patch
fixing up env_cubemap materials on brush sides...
0...1...2...3...4...5...6...7...8...9...100...1...2...3...4...5...6...7...8...9...10Processing areas...done (0)
Building Faces...done (0)
Chop Details...done (0)
Find Visible Detail Sides...done (0)
Merging details...done (0)
FixTjuncs...
PruneNodes...
WriteBSP...
done (0)
writing C:\Program Files (x86)\Steam\steamapps\sourcemods\Test-Lab\maps\tl_laboratory_1.prt...Building visibility clusters...
done (0)
Creating default LDR cubemaps for env_cubemap using skybox materials:
   skybox/sky_day01_01*.vmt
 ! Run buildcubemaps in the engine to get the correct cube maps.
Creating default HDR cubemaps for env_cubemap using skybox materials:
   skybox/sky_day01_01*.vmt
 ! Run buildcubemaps in the engine to get the correct cube maps.
Finding displacement neighbors...
Finding lightmap sample positions...
Displacement Alpha : 0...1...2...3...4...5...6...7...8...9...10
Building Physics collision data...
done (0) (58419 bytes)
Placing detail props : 0...1...2...3...4...5...6...7...8...9...10
Water found with no water_lod_control entity, creating a default one.
Compacting texture/material tables...
Reduced 268 texinfos to 111
Reduced 28 texdatas to 22 (871 bytes to 657)
Writing C:\Program Files (x86)\Steam\steamapps\sourcemods\Test-Lab\maps\tl_laboratory_1.bsp
0 seconds elapsed



12 threads
reading c:\program files (x86)\steam\steamapps\sourcemods\test-lab\maps\tl_laboratory_1.bsp
reading c:\program files (x86)\steam\steamapps\sourcemods\test-lab\maps\tl_laboratory_1.prt
 180 portalclusters
 532 numportals
0...1...2...3...4...5...6...7...8...9...100...1...2...3...4...5...6...7...8...9...10Optimized: 18 visible clusters (0.11%)
Total clusters visible: 16456
Average clusters visible: 91
Building PAS...
Average clusters audible: 163
visdatasize:9715  compressed from 8640
writing c:\program files (x86)\steam\steamapps\sourcemods\test-lab\maps\tl_laboratory_1.bsp
0 seconds elapsed



[Reading texlights from 'lights.rad']
[48 texlights parsed from 'lights.rad']

Loading c:\program files (x86)\steam\steamapps\sourcemods\test-lab\maps\tl_laboratory_1.bsp
700 faces
79951 square feet [11512948.00 square inches]
0 Displacements
0 Square Feet [0.00 Square Inches]
700 patches before subdivision
10426 patches after subdivision
15 direct lights
0...1...2...3...4...5...6...7...8...9...100...1...2...3...4...5...6...7...8...9...10transfers 1205048, max 385
transfer lists:   9.2 megs
0...1...2...3...4...5...6...7...8...9...10	Bounce #1 added RGB(66381, 22180, 5319)
0...1...2...3...4...5...6...7...8...9...10	Bounce #2 added RGB(29317, 3615, 350)
0...1...2...3...4...5...6...7...8...9...10	Bounce #3 added RGB(14660, 601, 21)
0...1...2...3...4...5...6...7...8...9...10	Bounce #4 added RGB(7750, 102, 2)
0...1...2...3...4...5...6...7...8...9...10	Bounce #5 added RGB(4347, 18, 0)
0...1...2...3...4...5...6...7...8...9...10	Bounce #6 added RGB(2538, 3, 0)
0...1...2...3...4...5...6...7...8...9...10	Bounce #7 added RGB(1531, 1, 0)
0...1...2...3...4...5...6...7...8...9...10	Bounce #8 added RGB(944, 0, 0)
0...1...2...3...4...5...6...7...8...9...10	Bounce #9 added RGB(592, 0, 0)
0...1...2...3...4...5...6...7...8...9...10	Bounce #10 added RGB(375, 0, 0)
0...1...2...3...4...5...6...7...8...9...10	Bounce #11 added RGB(240, 0, 0)
0...1...2...3...4...5...6...7...8...9...10	Bounce #12 added RGB(154, 0, 0)
0...1...2...3...4...5...6...7...8...9...10	Bounce #13 added RGB(99, 0, 0)
0...1...2...3...4...5...6...7...8...9...10	Bounce #14 added RGB(64, 0, 0)
0...1...2...3...4...5...6...7...8...9...10	Bounce #15 added RGB(42, 0, 0)
0...1...2...3...4...5...6...7...8...9...10	Bounce #16 added RGB(27, 0, 0)
0...1...2...3...4...5...6...7...8...9...10	Bounce #17 added RGB(18, 0, 0)
0...1...2...3...4...5...6...7...8...9...10	Bounce #18 added RGB(11, 0, 0)
0...1...2...3...4...5...6...7...8...9...10	Bounce #19 added RGB(7, 0, 0)
0...1...2...3...4...5...6...7...8...9...10	Bounce #20 added RGB(5, 0, 0)
0...1...2...3...4...5...6...7...8...9...10	Bounce #21 added RGB(3, 0, 0)
0...1...2...3...4...5...6...7...8...9...10	Bounce #22 added RGB(2, 0, 0)
0...1...2...3...4...5...6...7...8...9...10	Bounce #23 added RGB(1, 0, 0)
0...1...2...3...4...5...6...7...8...9...10	Bounce #24 added RGB(1, 0, 0)
Build Patch/Sample Hash Table(s).....Done<0.0013 sec>
0...1...2...3...4...5...6...7...8...9...10FinalLightFace Done
0 of 0 (0% of) surface lights went in leaf ambient cubes.
0...1...2...3...4...5...6...7...8...9...10Writing leaf ambient...done
Ready to Finish

Object names       Objects/Maxobjs  Memory / Maxmem  Fullness 
------------       ---------------  ---------------  -------- 
models                  29/1024         1392/49152    ( 2.8%) 
brushes                154/8192         1848/98304    ( 1.9%) 
brushsides            1042/65536        8336/524288   ( 1.6%) 
planes                 706/65536       14120/1310720  ( 1.1%) 
vertexes              1071/65536       12852/786432   ( 1.6%) 
nodes                  535/65536       17120/2097152  ( 0.8%) 
texinfos               111/12288        7992/884736   ( 0.9%) 
texdata                 22/2048          704/65536    ( 1.1%) 
dispinfos                0/0               0/0        ( 0.0%) 
disp_verts               0/0               0/0        ( 0.0%) 
disp_tris                0/0               0/0        ( 0.0%) 
disp_lmsamples           0/0               0/0        ( 0.0%) 
faces                  700/65536       39200/3670016  ( 1.1%) 
hdr faces                0/65536           0/3670016  ( 0.0%) 
origfaces              390/65536       21840/3670016  ( 0.6%) 
leaves                 565/65536       18080/2097152  ( 0.9%) 
leaffaces              855/65536        1710/131072   ( 1.3%) 
leafbrushes            486/65536         972/131072   ( 0.7%) 
areas                    2/256            16/2048     ( 0.8%) 
surfedges             4744/512000      18976/2048000  ( 0.9%) 
edges                 2654/256000      10616/1024000  ( 1.0%) 
LDR worldlights         15/8192         1320/720896   ( 0.2%) 
HDR worldlights          0/8192            0/720896   ( 0.0%) 
leafwaterdata            1/32768          12/393216   ( 0.0%) 
waterstrips             31/32768         310/327680   ( 0.1%) 
waterverts               0/65536           0/786432   ( 0.0%) 
waterindices           525/65536        1050/131072   ( 0.8%) 
cubemapsamples           1/1024           16/16384    ( 0.1%) 
overlays                 0/512             0/180224   ( 0.0%) 
LDR lightdata         [variable]      251704/0        ( 0.0%) 
HDR lightdata         [variable]           0/0        ( 0.0%) 
visdata               [variable]        9715/16777216 ( 0.1%) 
entdata               [variable]       71575/393216   (18.2%) 
LDR ambient table      565/65536        2260/262144   ( 0.9%) 
HDR ambient table      565/65536        2260/262144   ( 0.9%) 
LDR leaf ambient      1295/65536       36260/1835008  ( 2.0%) 
HDR leaf ambient       565/65536       15820/1835008  ( 0.9%) 
occluders                0/0               0/0        ( 0.0%) 
occluder polygons        0/0               0/0        ( 0.0%) 
occluder vert ind        0/0               0/0        ( 0.0%) 
detail props          [variable]           1/12       ( 8.3%) 
static props          [variable]           1/594      ( 0.2%) 
pakfile               [variable]      213571/0        ( 0.0%) 
physics               [variable]       58419/4194304  ( 1.4%) 
physics terrain       [variable]           2/1048576  ( 0.0%) 

Level flags = 0

Total triangle count: 1788
Writing c:\program files (x86)\steam\steamapps\sourcemods\test-lab\maps\tl_laboratory_1.bsp
0 seconds elapsed



materialPath: C:\Program Files (x86)\Steam\steamapps\sourcemods\Test-Lab\materials
Loading C:\Program Files (x86)\Steam\steamapps\sourcemods\Test-Lab\maps\tl_laboratory_1.vmf
material "/example_model_material" not found.
Material not found!: /EXAMPLE_MODEL_MATERIAL
ConVarRef mat_reduceparticles doesn't point to an existing ConVar
Could not locate 'GameData' key in c:\program files (x86)\steam\steamapps\sourcemods\test-lab\gameinfo.txt
Patching WVT material: maps/tl_laboratory_1/dev/dev_blendmeasure_wvt_patch
fixing up env_cubemap materials on brush sides...
0...1...2...3...4...5...6...7...8...9...100...1...2...3...4...5...6...7...8...9...10Processing areas...done (0)
Building Faces...done (0)
Chop Details...done (0)
Find Visible Detail Sides...done (0)
Merging details...done (0)
FixTjuncs...
PruneNodes...
WriteBSP...
done (0)
writing C:\Program Files (x86)\Steam\steamapps\sourcemods\Test-Lab\maps\tl_laboratory_1.prt...Building visibility clusters...
done (0)
Creating default LDR cubemaps for env_cubemap using skybox materials:
   skybox/sky_day01_01*.vmt
 ! Run buildcubemaps in the engine to get the correct cube maps.
Creating default HDR cubemaps for env_cubemap using skybox materials:
   skybox/sky_day01_01*.vmt
 ! Run buildcubemaps in the engine to get the correct cube maps.
Finding displacement neighbors...
Finding lightmap sample positions...
Displacement Alpha : 0...1...2...3...4...5...6...7...8...9...10
Building Physics collision data...
done (0) (58419 bytes)
Placing detail props : 0...1...2...3...4...5...6...7...8...9...10
Water found with no water_lod_control entity, creating a default one.
Compacting texture/material tables...
Reduced 268 texinfos to 111
Reduced 28 texdatas to 22 (871 bytes to 657)
Writing C:\Program Files (x86)\Steam\steamapps\sourcemods\Test-Lab\maps\tl_laboratory_1.bsp
0 seconds elapsed



12 threads
reading c:\program files (x86)\steam\steamapps\sourcemods\test-lab\maps\tl_laboratory_1.bsp
reading c:\program files (x86)\steam\steamapps\sourcemods\test-lab\maps\tl_laboratory_1.prt
 180 portalclusters
 532 numportals
0...1...2...3...4...5...6...7...8...9...100...1...2...3...4...5...6...7...8...9...10Optimized: 18 visible clusters (0.11%)
Total clusters visible: 16456
Average clusters visible: 91
Building PAS...
Average clusters audible: 163
visdatasize:9715  compressed from 8640
writing c:\program files (x86)\steam\steamapps\sourcemods\test-lab\maps\tl_laboratory_1.bsp
0 seconds elapsed



[Reading texlights from 'lights.rad']
[48 texlights parsed from 'lights.rad']

Loading c:\program files (x86)\steam\steamapps\sourcemods\test-lab\maps\tl_laboratory_1.bsp
700 faces
79951 square feet [11512948.00 square inches]
0 Displacements
0 Square Feet [0.00 Square Inches]
700 patches before subdivision
10426 patches after subdivision
15 direct lights
0...1...2...3...4...5...6...7...8...9...100...1...2...3...4...5...6...7...8...9...10transfers 1205048, max 385
transfer lists:   9.2 megs
0...1...2...3...4...5...6...7...8...9...10	Bounce #1 added RGB(66384, 22180, 5318)
0...1...2...3...4...5...6...7...8...9...10	Bounce #2 added RGB(29318, 3615, 350)
0...1...2...3...4...5...6...7...8...9...10	Bounce #3 added RGB(14661, 601, 21)
0...1...2...3...4...5...6...7...8...9...10	Bounce #4 added RGB(7750, 102, 2)
0...1...2...3...4...5...6...7...8...9...10	Bounce #5 added RGB(4347, 18, 0)
0...1...2...3...4...5...6...7...8...9...10	Bounce #6 added RGB(2538, 3, 0)
0...1...2...3...4...5...6...7...8...9...10	Bounce #7 added RGB(1531, 1, 0)
0...1...2...3...4...5...6...7...8...9...10	Bounce #8 added RGB(944, 0, 0)
0...1...2...3...4...5...6...7...8...9...10	Bounce #9 added RGB(592, 0, 0)
0...1...2...3...4...5...6...7...8...9...10	Bounce #10 added RGB(375, 0, 0)
0...1...2...3...4...5...6...7...8...9...10	Bounce #11 added RGB(240, 0, 0)
0...1...2...3...4...5...6...7...8...9...10	Bounce #12 added RGB(154, 0, 0)
0...1...2...3...4...5...6...7...8...9...10	Bounce #13 added RGB(99, 0, 0)
0...1...2...3...4...5...6...7...8...9...10	Bounce #14 added RGB(64, 0, 0)
0...1...2...3...4...5...6...7...8...9...10	Bounce #15 added RGB(42, 0, 0)
0...1...2...3...4...5...6...7...8...9...10	Bounce #16 added RGB(27, 0, 0)
0...1...2...3...4...5...6...7...8...9...10	Bounce #17 added RGB(18, 0, 0)
0...1...2...3...4...5...6...7...8...9...10	Bounce #18 added RGB(11, 0, 0)
0...1...2...3...4...5...6...7...8...9...10	Bounce #19 added RGB(7, 0, 0)
0...1...2...3...4...5...6...7...8...9...10	Bounce #20 added RGB(5, 0, 0)
0...1...2...3...4...5...6...7...8...9...10	Bounce #21 added RGB(3, 0, 0)
0...1...2...3...4...5...6...7...8...9...10	Bounce #22 added RGB(2, 0, 0)
0...1...2...3...4...5...6...7...8...9...10	Bounce #23 added RGB(1, 0, 0)
0...1...2...3...4...5...6...7...8...9...10	Bounce #24 added RGB(1, 0, 0)
Build Patch/Sample Hash Table(s).....Done<0.0013 sec>
0...1...2...3...4...5...6...7...8...9...10FinalLightFace Done
0 of 0 (0% of) surface lights went in leaf ambient cubes.
0...1...2...3...4...5...6...7...8...9...10Writing leaf ambient...done
Ready to Finish

Object names       Objects/Maxobjs  Memory / Maxmem  Fullness 
------------       ---------------  ---------------  -------- 
models                  29/1024         1392/49152    ( 2.8%) 
brushes                154/8192         1848/98304    ( 1.9%) 
brushsides            1042/65536        8336/524288   ( 1.6%) 
planes                 706/65536       14120/1310720  ( 1.1%) 
vertexes              1071/65536       12852/786432   ( 1.6%) 
nodes                  535/65536       17120/2097152  ( 0.8%) 
texinfos               111/12288        7992/884736   ( 0.9%) 
texdata                 22/2048          704/65536    ( 1.1%) 
dispinfos                0/0               0/0        ( 0.0%) 
disp_verts               0/0               0/0        ( 0.0%) 
disp_tris                0/0               0/0        ( 0.0%) 
disp_lmsamples           0/0               0/0        ( 0.0%) 
faces                  700/65536       39200/3670016  ( 1.1%) 
hdr faces                0/65536           0/3670016  ( 0.0%) 
origfaces              390/65536       21840/3670016  ( 0.6%) 
leaves                 565/65536       18080/2097152  ( 0.9%) 
leaffaces              855/65536        1710/131072   ( 1.3%) 
leafbrushes            486/65536         972/131072   ( 0.7%) 
areas                    2/256            16/2048     ( 0.8%) 
surfedges             4744/512000      18976/2048000  ( 0.9%) 
edges                 2654/256000      10616/1024000  ( 1.0%) 
LDR worldlights         15/8192         1320/720896   ( 0.2%) 
HDR worldlights          0/8192            0/720896   ( 0.0%) 
leafwaterdata            1/32768          12/393216   ( 0.0%) 
waterstrips             31/32768         310/327680   ( 0.1%) 
waterverts               0/65536           0/786432   ( 0.0%) 
waterindices           525/65536        1050/131072   ( 0.8%) 
cubemapsamples           1/1024           16/16384    ( 0.1%) 
overlays                 0/512             0/180224   ( 0.0%) 
LDR lightdata         [variable]      251892/0        ( 0.0%) 
HDR lightdata         [variable]           0/0        ( 0.0%) 
visdata               [variable]        9715/16777216 ( 0.1%) 
entdata               [variable]       71575/393216   (18.2%) 
LDR ambient table      565/65536        2260/262144   ( 0.9%) 
HDR ambient table      565/65536        2260/262144   ( 0.9%) 
LDR leaf ambient      1295/65536       36260/1835008  ( 2.0%) 
HDR leaf ambient       565/65536       15820/1835008  ( 0.9%) 
occluders                0/0               0/0        ( 0.0%) 
occluder polygons        0/0               0/0        ( 0.0%) 
occluder vert ind        0/0               0/0        ( 0.0%) 
detail props          [variable]           1/12       ( 8.3%) 
static props          [variable]           1/594      ( 0.2%) 
pakfile               [variable]      213571/0        ( 0.0%) 
physics               [variable]       58419/4194304  ( 1.4%) 
physics terrain       [variable]           2/1048576  ( 0.0%) 

Level flags = 0

Total triangle count: 1788
Writing c:\program files (x86)\steam\steamapps\sourcemods\test-lab\maps\tl_laboratory_1.bsp
0 seconds elapsed
